<?xml version="1.0" encoding="UTF-8"?>
<!-- Generated by org.testng.reporters.JUnitReportReporter -->
<testsuite hostname="TL1061" failures="0" tests="1" name="runner.getConvertionRunner" time="6.403" errors="0" timestamp="2024-04-11T13:29:05 IST" skipped="0">
  <testcase classname="runner.getConvertionRunner" name="runScenario" time="6.403"/>
  <system-out/>
</testsuite> <!-- runner.getConvertionRunner -->
